<?xml version="1.0" encoding="UTF-8"?>
<!-- Generated by org.testng.reporters.JUnitXMLReporter -->
<testsuite ignored="2" hostname="Suchit" failures="0" tests="8" name="ClassLevelParallel" time="24.792" errors="0" timestamp="2026-09-07T23:24:39 IST">
  <testcase classname="testngpack.tests.UrlNavigationTest" name="navigateToSecondUrl" time="3.606"/>
  <testcase classname="testngpack.tests.ParallelMethodsTest" name="categoryDropdown_isDisplayed" time="3.226"/>
  <testcase classname="testngpack.tests.AmazonSearchTest" name="homePageLoads" time="2.806"/>
  <testcase classname="testngpack.tests.UrlNavigationTest" name="readParameterFromContext" time="1.679"/>
  <testcase classname="testngpack.tests.ParallelMethodsTest" name="pageTitle_isNotBlank" time="4.034"/>
  <testcase classname="testngpack.tests.AmazonSearchTest" name="searchProduct" time="6.946"/>
  <testcase classname="testngpack.tests.ParallelMethodsTest" name="searchBox_isDisplayed" time="1.378"/>
  <testcase classname="testngpack.tests.ParallelMethodsTest" name="searchButton_isDisplayed" time="0.189"/>
  <testcase classname="testngpack.base.BaseClass" name="@BeforeSuite loadConfiguration" time="0.0">
    <ignored/>
  </testcase> <!-- @BeforeSuite loadConfiguration -->
  <testcase classname="testngpack.base.BaseClass" name="@BeforeSuite loadConfiguration" time="0.0">
    <ignored/>
  </testcase> <!-- @BeforeSuite loadConfiguration -->
</testsuite> <!-- ClassLevelParallel -->
