<?xml version="1.0" encoding="UTF-8"?>
<!-- Generated by org.testng.reporters.JUnitXMLReporter -->
<testsuite ignored="5" hostname="Suchit" failures="0" tests="5" name="Basic Authentication Tests" time="41.936" errors="0" timestamp="2026-09-03T15:31:46 IST">
  <testcase classname="com.sk.tests.AuthenticationTests" name="testValidLogin" time="6.169"/>
  <testcase classname="com.sk.tests.AuthenticationTests" name="testInvalidUsername" time="3.761"/>
  <testcase classname="com.sk.tests.AuthenticationTests" name="testInvalidPassword" time="3.889"/>
  <testcase classname="com.sk.tests.AuthenticationTests" name="testEmptyUsername" time="3.676"/>
  <testcase classname="com.sk.tests.AuthenticationTests" name="testEmptyPassword" time="3.605"/>
  <testcase classname="com.sk.tests.AuthenticationTests" name="testLogout" time="0.0">
    <ignored/>
  </testcase> <!-- testLogout -->
  <testcase classname="com.sk.tests.AuthenticationTests" name="testCaseSensitivity" time="0.0">
    <ignored/>
  </testcase> <!-- testCaseSensitivity -->
  <testcase classname="com.sk.tests.AuthenticationTests" name="testSpecialCharactersInPassword" time="0.0">
    <ignored/>
  </testcase> <!-- testSpecialCharactersInPassword -->
  <testcase classname="com.sk.tests.AuthenticationTests" name="testSQLInjectionAttempt" time="0.0">
    <ignored/>
  </testcase> <!-- testSQLInjectionAttempt -->
  <testcase classname="com.sk.tests.AuthenticationTests" name="testLoginWithMultipleCredentials" time="0.0">
    <ignored/>
  </testcase> <!-- testLoginWithMultipleCredentials -->
</testsuite> <!-- Basic Authentication Tests -->
