<?xml version="1.0" encoding="UTF-8"?>
<!-- Generated by org.testng.reporters.JUnitXMLReporter -->
<testsuite ignored="0" hostname="Suchit" failures="0" tests="16" name="Complete Authentication Test Suite" time="192.339" errors="0" timestamp="2026-09-03T13:06:09 IST">
  <testcase classname="com.sk.tests.AuthenticationTests" name="testValidLogin" time="4.694"/>
  <testcase classname="com.sk.tests.AuthenticationTests" name="testInvalidUsername" time="3.483"/>
  <testcase classname="com.sk.tests.AuthenticationTests" name="testInvalidPassword" time="3.392"/>
  <testcase classname="com.sk.tests.AuthenticationTests" name="testEmptyUsername" time="3.262"/>
  <testcase classname="com.sk.tests.AuthenticationTests" name="testEmptyPassword" time="3.309"/>
  <testcase classname="com.sk.tests.AuthenticationTests" name="testSQLInjectionAttempt" time="13.469"/>
  <testcase classname="com.sk.tests.AuthenticationTests" name="testCaseSensitivity" time="13.53"/>
  <testcase classname="com.sk.tests.AuthenticationTests" name="testLogout" time="6.938"/>
  <testcase classname="com.sk.tests.AuthenticationTests" name="testSpecialCharactersInPassword" time="3.354"/>
  <testcase classname="com.sk.tests.AuthenticationTests" name="testLoginWithMultipleCredentials" time="4.536"/>
  <testcase classname="com.sk.tests.AuthenticationTests" name="testLoginWithMultipleCredentials" time="13.499"/>
  <testcase classname="com.sk.tests.AuthenticationTests" name="testLoginWithMultipleCredentials" time="13.482"/>
  <testcase classname="com.sk.tests.AuthenticationTests" name="testLoginWithMultipleCredentials" time="13.469"/>
  <testcase classname="com.sk.tests.AuthenticationTests" name="testLoginWithMultipleCredentials" time="13.494"/>
  <testcase classname="com.sk.tests.AuthenticationTests" name="testLoginWithMultipleCredentials" time="13.413"/>
  <testcase classname="com.sk.tests.AuthenticationTests" name="testLoginWithMultipleCredentials" time="13.49"/>
</testsuite> <!-- Complete Authentication Test Suite -->
