<?xml version="1.0" encoding="UTF-8"?>
<!-- Generated by org.testng.reporters.JUnitXMLReporter -->
<testsuite ignored="9" hostname="Suchit" failures="0" tests="7" name="Data-Driven Authentication Tests" time="115.806" errors="0" timestamp="2026-09-03T15:33:00 IST">
  <testcase classname="com.sk.tests.AuthenticationTests" name="testLoginWithMultipleCredentials" time="6.063"/>
  <testcase classname="com.sk.tests.AuthenticationTests" name="testLoginWithMultipleCredentials" time="14.021"/>
  <testcase classname="com.sk.tests.AuthenticationTests" name="testLoginWithMultipleCredentials" time="13.808"/>
  <testcase classname="com.sk.tests.AuthenticationTests" name="testLoginWithMultipleCredentials" time="13.893"/>
  <testcase classname="com.sk.tests.AuthenticationTests" name="testLoginWithMultipleCredentials" time="13.858"/>
  <testcase classname="com.sk.tests.AuthenticationTests" name="testLoginWithMultipleCredentials" time="13.704"/>
  <testcase classname="com.sk.tests.AuthenticationTests" name="testLoginWithMultipleCredentials" time="13.887"/>
  <testcase classname="com.sk.tests.AuthenticationTests" name="testSpecialCharactersInPassword" time="0.0">
    <ignored/>
  </testcase> <!-- testSpecialCharactersInPassword -->
  <testcase classname="com.sk.tests.AuthenticationTests" name="testLogout" time="0.0">
    <ignored/>
  </testcase> <!-- testLogout -->
  <testcase classname="com.sk.tests.AuthenticationTests" name="testEmptyPassword" time="0.0">
    <ignored/>
  </testcase> <!-- testEmptyPassword -->
  <testcase classname="com.sk.tests.AuthenticationTests" name="testInvalidPassword" time="0.0">
    <ignored/>
  </testcase> <!-- testInvalidPassword -->
  <testcase classname="com.sk.tests.AuthenticationTests" name="testCaseSensitivity" time="0.0">
    <ignored/>
  </testcase> <!-- testCaseSensitivity -->
  <testcase classname="com.sk.tests.AuthenticationTests" name="testInvalidUsername" time="0.0">
    <ignored/>
  </testcase> <!-- testInvalidUsername -->
  <testcase classname="com.sk.tests.AuthenticationTests" name="testValidLogin" time="0.0">
    <ignored/>
  </testcase> <!-- testValidLogin -->
  <testcase classname="com.sk.tests.AuthenticationTests" name="testSQLInjectionAttempt" time="0.0">
    <ignored/>
  </testcase> <!-- testSQLInjectionAttempt -->
  <testcase classname="com.sk.tests.AuthenticationTests" name="testEmptyUsername" time="0.0">
    <ignored/>
  </testcase> <!-- testEmptyUsername -->
</testsuite> <!-- Data-Driven Authentication Tests -->
