<?xml version="1.0" encoding="UTF-8"?>
<!-- Generated by org.testng.reporters.JUnitXMLReporter -->
<testsuite ignored="7" hostname="Suchit" failures="0" tests="3" name="Security Tests" time="46.177" errors="0" timestamp="2026-09-03T15:31:51 IST">
  <testcase classname="com.sk.tests.AuthenticationTests" name="testSQLInjectionAttempt" time="14.264"/>
  <testcase classname="com.sk.tests.AuthenticationTests" name="testCaseSensitivity" time="14.134"/>
  <testcase classname="com.sk.tests.AuthenticationTests" name="testSpecialCharactersInPassword" time="3.533"/>
  <testcase classname="com.sk.tests.AuthenticationTests" name="testInvalidUsername" time="0.0">
    <ignored/>
  </testcase> <!-- testInvalidUsername -->
  <testcase classname="com.sk.tests.AuthenticationTests" name="testEmptyUsername" time="0.0">
    <ignored/>
  </testcase> <!-- testEmptyUsername -->
  <testcase classname="com.sk.tests.AuthenticationTests" name="testEmptyPassword" time="0.0">
    <ignored/>
  </testcase> <!-- testEmptyPassword -->
  <testcase classname="com.sk.tests.AuthenticationTests" name="testInvalidPassword" time="0.0">
    <ignored/>
  </testcase> <!-- testInvalidPassword -->
  <testcase classname="com.sk.tests.AuthenticationTests" name="testLogout" time="0.0">
    <ignored/>
  </testcase> <!-- testLogout -->
  <testcase classname="com.sk.tests.AuthenticationTests" name="testValidLogin" time="0.0">
    <ignored/>
  </testcase> <!-- testValidLogin -->
  <testcase classname="com.sk.tests.AuthenticationTests" name="testLoginWithMultipleCredentials" time="0.0">
    <ignored/>
  </testcase> <!-- testLoginWithMultipleCredentials -->
</testsuite> <!-- Security Tests -->
