<?xml version="1.0" encoding="UTF-8"?>
<!-- Generated by org.testng.reporters.JUnitXMLReporter -->
<testsuite ignored="9" hostname="Suchit" failures="0" tests="1" name="User Experience Tests" time="14.98" errors="0" timestamp="2026-09-03T15:31:19 IST">
  <testcase classname="com.sk.tests.AuthenticationTests" name="testLogout" time="9.165"/>
  <testcase classname="com.sk.tests.AuthenticationTests" name="testEmptyPassword" time="0.0">
    <ignored/>
  </testcase> <!-- testEmptyPassword -->
  <testcase classname="com.sk.tests.AuthenticationTests" name="testInvalidPassword" time="0.0">
    <ignored/>
  </testcase> <!-- testInvalidPassword -->
  <testcase classname="com.sk.tests.AuthenticationTests" name="testInvalidUsername" time="0.0">
    <ignored/>
  </testcase> <!-- testInvalidUsername -->
  <testcase classname="com.sk.tests.AuthenticationTests" name="testEmptyUsername" time="0.0">
    <ignored/>
  </testcase> <!-- testEmptyUsername -->
  <testcase classname="com.sk.tests.AuthenticationTests" name="testLoginWithMultipleCredentials" time="0.0">
    <ignored/>
  </testcase> <!-- testLoginWithMultipleCredentials -->
  <testcase classname="com.sk.tests.AuthenticationTests" name="testCaseSensitivity" time="0.0">
    <ignored/>
  </testcase> <!-- testCaseSensitivity -->
  <testcase classname="com.sk.tests.AuthenticationTests" name="testSQLInjectionAttempt" time="0.0">
    <ignored/>
  </testcase> <!-- testSQLInjectionAttempt -->
  <testcase classname="com.sk.tests.AuthenticationTests" name="testValidLogin" time="0.0">
    <ignored/>
  </testcase> <!-- testValidLogin -->
  <testcase classname="com.sk.tests.AuthenticationTests" name="testSpecialCharactersInPassword" time="0.0">
    <ignored/>
  </testcase> <!-- testSpecialCharactersInPassword -->
</testsuite> <!-- User Experience Tests -->
