<?xml version="1.0" encoding="UTF-8"?>
<testng-results ignored="0" total="4" passed="4" failed="0" skipped="0">
  <reporter-output>
  </reporter-output>
  <suite started-at="2026-08-20T09:24:09 IST" name="Regression Suite" finished-at="2026-08-20T09:24:27 IST" duration-ms="18427">
    <groups>
      <group name="frames">
        <method signature="SwitchFramesTest.shouldDisplaySelectedTypeInClassFrame()[pri:0, instance:com.sk.automation.tests.SwitchFramesTest@7a1a14a4]" name="shouldDisplaySelectedTypeInClassFrame" class="com.sk.automation.tests.SwitchFramesTest"/>
        <method signature="SwitchFramesTest.shouldReachSiblingFrameAfterReturningToDefaultContent()[pri:0, instance:com.sk.automation.tests.SwitchFramesTest@7a1a14a4]" name="shouldReachSiblingFrameAfterReturningToDefaultContent" class="com.sk.automation.tests.SwitchFramesTest"/>
        <method signature="SwitchFramesTest.shouldReadTextFromNestedFrame()[pri:0, instance:com.sk.automation.tests.SwitchFramesTest@7a1a14a4]" name="shouldReadTextFromNestedFrame" class="com.sk.automation.tests.SwitchFramesTest"/>
        <method signature="SwitchFramesTest.shouldReturnToPackageListAfterEnteringClassFrame()[pri:0, instance:com.sk.automation.tests.SwitchFramesTest@7a1a14a4]" name="shouldReturnToPackageListAfterEnteringClassFrame" class="com.sk.automation.tests.SwitchFramesTest"/>
      </group> <!-- frames -->
      <group name="regression">
        <method signature="SwitchFramesTest.shouldDisplaySelectedTypeInClassFrame()[pri:0, instance:com.sk.automation.tests.SwitchFramesTest@7a1a14a4]" name="shouldDisplaySelectedTypeInClassFrame" class="com.sk.automation.tests.SwitchFramesTest"/>
        <method signature="SwitchFramesTest.shouldReturnToPackageListAfterEnteringClassFrame()[pri:0, instance:com.sk.automation.tests.SwitchFramesTest@7a1a14a4]" name="shouldReturnToPackageListAfterEnteringClassFrame" class="com.sk.automation.tests.SwitchFramesTest"/>
      </group> <!-- regression -->
      <group name="smoke">
        <method signature="SwitchFramesTest.shouldReachSiblingFrameAfterReturningToDefaultContent()[pri:0, instance:com.sk.automation.tests.SwitchFramesTest@7a1a14a4]" name="shouldReachSiblingFrameAfterReturningToDefaultContent" class="com.sk.automation.tests.SwitchFramesTest"/>
        <method signature="SwitchFramesTest.shouldReadTextFromNestedFrame()[pri:0, instance:com.sk.automation.tests.SwitchFramesTest@7a1a14a4]" name="shouldReadTextFromNestedFrame" class="com.sk.automation.tests.SwitchFramesTest"/>
      </group> <!-- smoke -->
    </groups>
    <test started-at="2026-08-20T09:24:09 IST" name="Frame Handling" finished-at="2026-08-20T09:24:27 IST" duration-ms="18427">
      <class name="com.sk.automation.tests.SwitchFramesTest">
        <test-method is-config="true" signature="setUp(java.lang.String,java.lang.reflect.Method)[pri:0, instance:com.sk.automation.tests.SwitchFramesTest@7a1a14a4]" started-at="2026-08-20T09:24:09 IST" name="setUp" finished-at="2026-08-20T09:24:16 IST" duration-ms="6885" status="PASS">
          <params>
            <param index="0">
              <value>
                <![CDATA[chrome]]>
              </value>
            </param>
            <param index="1">
              <value>
                <![CDATA[public void com.sk.automation.tests.SwitchFramesTest.shouldDisplaySelectedTypeInClassFrame()]]>
              </value>
            </param>
          </params>
          <reporter-output>
          </reporter-output>
        </test-method> <!-- setUp -->
        <test-method is-config="true" signature="setUp(java.lang.String,java.lang.reflect.Method)[pri:0, instance:com.sk.automation.tests.SwitchFramesTest@7a1a14a4]" started-at="2026-08-20T09:24:09 IST" name="setUp" finished-at="2026-08-20T09:24:17 IST" duration-ms="8003" status="PASS">
          <params>
            <param index="0">
              <value>
                <![CDATA[chrome]]>
              </value>
            </param>
            <param index="1">
              <value>
                <![CDATA[public void com.sk.automation.tests.SwitchFramesTest.shouldReachSiblingFrameAfterReturningToDefaultContent()]]>
              </value>
            </param>
          </params>
          <reporter-output>
          </reporter-output>
        </test-method> <!-- setUp -->
        <test-method is-config="true" signature="setUp(java.lang.String,java.lang.reflect.Method)[pri:0, instance:com.sk.automation.tests.SwitchFramesTest@7a1a14a4]" started-at="2026-08-20T09:24:09 IST" name="setUp" finished-at="2026-08-20T09:24:17 IST" duration-ms="7987" status="PASS">
          <params>
            <param index="0">
              <value>
                <![CDATA[chrome]]>
              </value>
            </param>
            <param index="1">
              <value>
                <![CDATA[public void com.sk.automation.tests.SwitchFramesTest.shouldReadTextFromNestedFrame()]]>
              </value>
            </param>
          </params>
          <reporter-output>
          </reporter-output>
        </test-method> <!-- setUp -->
        <test-method signature="shouldDisplaySelectedTypeInClassFrame()[pri:0, instance:com.sk.automation.tests.SwitchFramesTest@7a1a14a4]" started-at="2026-08-20T09:24:16 IST" name="shouldDisplaySelectedTypeInClassFrame" description="Selecting a package then a type renders that type in the class frame" finished-at="2026-08-20T09:24:20 IST" duration-ms="4271" status="PASS">
          <reporter-output>
          </reporter-output>
        </test-method> <!-- shouldDisplaySelectedTypeInClassFrame -->
        <test-method signature="shouldReadTextFromNestedFrame()[pri:0, instance:com.sk.automation.tests.SwitchFramesTest@7a1a14a4]" started-at="2026-08-20T09:24:17 IST" name="shouldReadTextFromNestedFrame" description="Text is readable from a frame nested inside another frame" finished-at="2026-08-20T09:24:20 IST" duration-ms="2519" status="PASS">
          <reporter-output>
          </reporter-output>
        </test-method> <!-- shouldReadTextFromNestedFrame -->
        <test-method signature="shouldReachSiblingFrameAfterReturningToDefaultContent()[pri:0, instance:com.sk.automation.tests.SwitchFramesTest@7a1a14a4]" started-at="2026-08-20T09:24:17 IST" name="shouldReachSiblingFrameAfterReturningToDefaultContent" description="Sibling frames are reachable after returning to the default content" finished-at="2026-08-20T09:24:20 IST" duration-ms="2504" status="PASS">
          <reporter-output>
          </reporter-output>
        </test-method> <!-- shouldReachSiblingFrameAfterReturningToDefaultContent -->
        <test-method is-config="true" signature="tearDown(java.lang.reflect.Method)[pri:0, instance:com.sk.automation.tests.SwitchFramesTest@7a1a14a4]" started-at="2026-08-20T09:24:20 IST" name="tearDown" finished-at="2026-08-20T09:24:20 IST" duration-ms="415" status="PASS">
          <params>
            <param index="0">
              <value>
                <![CDATA[public void com.sk.automation.tests.SwitchFramesTest.shouldReachSiblingFrameAfterReturningToDefaultContent()]]>
              </value>
            </param>
          </params>
          <reporter-output>
          </reporter-output>
        </test-method> <!-- tearDown -->
        <test-method is-config="true" signature="tearDown(java.lang.reflect.Method)[pri:0, instance:com.sk.automation.tests.SwitchFramesTest@7a1a14a4]" started-at="2026-08-20T09:24:20 IST" name="tearDown" finished-at="2026-08-20T09:24:22 IST" duration-ms="2113" status="PASS">
          <params>
            <param index="0">
              <value>
                <![CDATA[public void com.sk.automation.tests.SwitchFramesTest.shouldReadTextFromNestedFrame()]]>
              </value>
            </param>
          </params>
          <reporter-output>
          </reporter-output>
        </test-method> <!-- tearDown -->
        <test-method is-config="true" signature="setUp(java.lang.String,java.lang.reflect.Method)[pri:0, instance:com.sk.automation.tests.SwitchFramesTest@7a1a14a4]" started-at="2026-08-20T09:24:20 IST" name="setUp" finished-at="2026-08-20T09:24:21 IST" duration-ms="1255" status="PASS">
          <params>
            <param index="0">
              <value>
                <![CDATA[chrome]]>
              </value>
            </param>
            <param index="1">
              <value>
                <![CDATA[public void com.sk.automation.tests.SwitchFramesTest.shouldReturnToPackageListAfterEnteringClassFrame()]]>
              </value>
            </param>
          </params>
          <reporter-output>
          </reporter-output>
        </test-method> <!-- setUp -->
        <test-method is-config="true" signature="tearDown(java.lang.reflect.Method)[pri:0, instance:com.sk.automation.tests.SwitchFramesTest@7a1a14a4]" started-at="2026-08-20T09:24:20 IST" name="tearDown" finished-at="2026-08-20T09:24:21 IST" duration-ms="253" status="PASS">
          <params>
            <param index="0">
              <value>
                <![CDATA[public void com.sk.automation.tests.SwitchFramesTest.shouldDisplaySelectedTypeInClassFrame()]]>
              </value>
            </param>
          </params>
          <reporter-output>
          </reporter-output>
        </test-method> <!-- tearDown -->
        <test-method signature="shouldReturnToPackageListAfterEnteringClassFrame()[pri:0, instance:com.sk.automation.tests.SwitchFramesTest@7a1a14a4]" started-at="2026-08-20T09:24:21 IST" name="shouldReturnToPackageListAfterEnteringClassFrame" description="The package list frame stays reachable after working inside the class frame" finished-at="2026-08-20T09:24:27 IST" duration-ms="5517" status="PASS">
          <reporter-output>
          </reporter-output>
        </test-method> <!-- shouldReturnToPackageListAfterEnteringClassFrame -->
        <test-method is-config="true" signature="tearDown(java.lang.reflect.Method)[pri:0, instance:com.sk.automation.tests.SwitchFramesTest@7a1a14a4]" started-at="2026-08-20T09:24:27 IST" name="tearDown" finished-at="2026-08-20T09:24:27 IST" duration-ms="377" status="PASS">
          <params>
            <param index="0">
              <value>
                <![CDATA[public void com.sk.automation.tests.SwitchFramesTest.shouldReturnToPackageListAfterEnteringClassFrame()]]>
              </value>
            </param>
          </params>
          <reporter-output>
          </reporter-output>
        </test-method> <!-- tearDown -->
      </class> <!-- com.sk.automation.tests.SwitchFramesTest -->
    </test> <!-- Frame Handling -->
  </suite> <!-- Regression Suite -->
</testng-results>
