<?xml version="1.0" encoding="UTF-8"?>
<testng-results ignored="0" total="1" passed="1" failed="0" skipped="0">
  <reporter-output>
  </reporter-output>
  <suite started-at="2026-08-28T23:51:36 IST" name="Suite" finished-at="2026-08-28T23:51:52 IST" duration-ms="16100">
    <groups>
    </groups>
    <test started-at="2026-08-28T23:51:36 IST" name="Test" finished-at="2026-08-28T23:51:52 IST" duration-ms="16100">
      <class name="testngpack.NewTest">
        <test-method is-config="true" signature="beforeSuite()[pri:0, instance:testngpack.NewTest@43bc63a3]" started-at="2026-08-28T23:51:36 IST" name="beforeSuite" finished-at="2026-08-28T23:51:36 IST" duration-ms="9" status="PASS">
          <reporter-output>
          </reporter-output>
        </test-method> <!-- beforeSuite -->
        <test-method is-config="true" signature="beforeTest()[pri:0, instance:testngpack.NewTest@43bc63a3]" started-at="2026-08-28T23:51:36 IST" name="beforeTest" finished-at="2026-08-28T23:51:36 IST" duration-ms="1" status="PASS">
          <reporter-output>
          </reporter-output>
        </test-method> <!-- beforeTest -->
        <test-method is-config="true" signature="beforeClass()[pri:0, instance:testngpack.NewTest@43bc63a3]" started-at="2026-08-28T23:51:36 IST" name="beforeClass" finished-at="2026-08-28T23:51:36 IST" duration-ms="1" status="PASS">
          <reporter-output>
          </reporter-output>
        </test-method> <!-- beforeClass -->
        <test-method is-config="true" signature="beforeMethod(java.lang.String)[pri:0, instance:testngpack.NewTest@43bc63a3]" started-at="2026-08-28T23:51:36 IST" name="beforeMethod" finished-at="2026-08-28T23:51:50 IST" duration-ms="14128" status="PASS">
          <params>
            <param index="0">
              <value>
                <![CDATA[edge]]>
              </value>
            </param>
          </params>
          <reporter-output>
          </reporter-output>
        </test-method> <!-- beforeMethod -->
        <test-method signature="actualTest()[pri:0, instance:testngpack.NewTest@43bc63a3]" started-at="2026-08-28T23:51:50 IST" name="actualTest" finished-at="2026-08-28T23:51:51 IST" duration-ms="947" status="PASS">
          <reporter-output>
          </reporter-output>
        </test-method> <!-- actualTest -->
        <test-method is-config="true" signature="afterMethod()[pri:0, instance:testngpack.NewTest@43bc63a3]" started-at="2026-08-28T23:51:51 IST" name="afterMethod" finished-at="2026-08-28T23:51:52 IST" duration-ms="967" status="PASS">
          <reporter-output>
          </reporter-output>
        </test-method> <!-- afterMethod -->
        <test-method is-config="true" signature="afterClass()[pri:0, instance:testngpack.NewTest@43bc63a3]" started-at="2026-08-28T23:51:52 IST" name="afterClass" finished-at="2026-08-28T23:51:52 IST" duration-ms="0" status="PASS">
          <reporter-output>
          </reporter-output>
        </test-method> <!-- afterClass -->
        <test-method is-config="true" signature="afterTest()[pri:0, instance:testngpack.NewTest@43bc63a3]" started-at="2026-08-28T23:51:52 IST" name="afterTest" finished-at="2026-08-28T23:51:52 IST" duration-ms="0" status="PASS">
          <reporter-output>
          </reporter-output>
        </test-method> <!-- afterTest -->
        <test-method is-config="true" signature="afterSuite()[pri:0, instance:testngpack.NewTest@43bc63a3]" started-at="2026-08-28T23:51:52 IST" name="afterSuite" finished-at="2026-08-28T23:51:52 IST" duration-ms="0" status="PASS">
          <reporter-output>
          </reporter-output>
        </test-method> <!-- afterSuite -->
      </class> <!-- testngpack.NewTest -->
    </test> <!-- Test -->
  </suite> <!-- Suite -->
</testng-results>
