<?xml version="1.0" encoding="UTF-8"?>
<testng-results ignored="0" total="1" passed="1" failed="0" skipped="0">
  <reporter-output>
  </reporter-output>
  <suite started-at="2026-08-28T22:19:46 IST" name="Default suite" finished-at="2026-08-28T22:19:55 IST" duration-ms="9479">
    <groups>
    </groups>
    <test started-at="2026-08-28T22:19:46 IST" name="Default test" finished-at="2026-08-28T22:19:55 IST" duration-ms="9479">
      <class name="testngpack.NewTest">
        <test-method is-config="true" signature="beforeSuite()[pri:0, instance:testngpack.NewTest@206a70ef]" started-at="2026-08-28T22:19:46 IST" name="beforeSuite" finished-at="2026-08-28T22:19:46 IST" duration-ms="10" status="PASS">
          <reporter-output>
          </reporter-output>
        </test-method> <!-- beforeSuite -->
        <test-method is-config="true" signature="beforeTest()[pri:0, instance:testngpack.NewTest@206a70ef]" started-at="2026-08-28T22:19:46 IST" name="beforeTest" finished-at="2026-08-28T22:19:46 IST" duration-ms="1" status="PASS">
          <reporter-output>
          </reporter-output>
        </test-method> <!-- beforeTest -->
        <test-method is-config="true" signature="beforeClass()[pri:0, instance:testngpack.NewTest@206a70ef]" started-at="2026-08-28T22:19:46 IST" name="beforeClass" finished-at="2026-08-28T22:19:46 IST" duration-ms="0" status="PASS">
          <reporter-output>
          </reporter-output>
        </test-method> <!-- beforeClass -->
        <test-method is-config="true" signature="beforeMethod()[pri:0, instance:testngpack.NewTest@206a70ef]" started-at="2026-08-28T22:19:46 IST" name="beforeMethod" finished-at="2026-08-28T22:19:48 IST" duration-ms="2599" status="PASS">
          <reporter-output>
          </reporter-output>
        </test-method> <!-- beforeMethod -->
        <test-method signature="actualTest()[pri:0, instance:testngpack.NewTest@206a70ef]" started-at="2026-08-28T22:19:48 IST" name="actualTest" finished-at="2026-08-28T22:19:54 IST" duration-ms="5755" status="PASS">
          <reporter-output>
          </reporter-output>
        </test-method> <!-- actualTest -->
        <test-method is-config="true" signature="afterMethod()[pri:0, instance:testngpack.NewTest@206a70ef]" started-at="2026-08-28T22:19:54 IST" name="afterMethod" finished-at="2026-08-28T22:19:55 IST" duration-ms="1081" status="PASS">
          <reporter-output>
          </reporter-output>
        </test-method> <!-- afterMethod -->
        <test-method is-config="true" signature="afterClass()[pri:0, instance:testngpack.NewTest@206a70ef]" started-at="2026-08-28T22:19:55 IST" name="afterClass" finished-at="2026-08-28T22:19:55 IST" duration-ms="0" status="PASS">
          <reporter-output>
          </reporter-output>
        </test-method> <!-- afterClass -->
        <test-method is-config="true" signature="afterTest()[pri:0, instance:testngpack.NewTest@206a70ef]" started-at="2026-08-28T22:19:55 IST" name="afterTest" finished-at="2026-08-28T22:19:55 IST" duration-ms="0" status="PASS">
          <reporter-output>
          </reporter-output>
        </test-method> <!-- afterTest -->
        <test-method is-config="true" signature="afterSuite()[pri:0, instance:testngpack.NewTest@206a70ef]" started-at="2026-08-28T22:19:55 IST" name="afterSuite" finished-at="2026-08-28T22:19:55 IST" duration-ms="1" status="PASS">
          <reporter-output>
          </reporter-output>
        </test-method> <!-- afterSuite -->
      </class> <!-- testngpack.NewTest -->
    </test> <!-- Default test -->
  </suite> <!-- Default suite -->
</testng-results>
