<?xml version="1.0" encoding="UTF-8"?>
<!-- Generated by org.testng.reporters.JUnitXMLReporter -->
<testsuite ignored="0" hostname="Suchit" failures="0" tests="4" name="Frame Handling" time="18.427" errors="0" timestamp="2026-08-20T09:24:28 IST">
  <testcase classname="com.sk.automation.tests.SwitchFramesTest" name="shouldReachSiblingFrameAfterReturningToDefaultContent" time="2.504"/>
  <testcase classname="com.sk.automation.tests.SwitchFramesTest" name="shouldReadTextFromNestedFrame" time="2.519"/>
  <testcase classname="com.sk.automation.tests.SwitchFramesTest" name="shouldDisplaySelectedTypeInClassFrame" time="4.271"/>
  <testcase classname="com.sk.automation.tests.SwitchFramesTest" name="shouldReturnToPackageListAfterEnteringClassFrame" time="5.517"/>
</testsuite> <!-- Frame Handling -->
