<?xml version="1.0" encoding="UTF-8"?>
<!-- Generated by org.testng.reporters.JUnitReportReporter -->
<testsuite hostname="Suchit" failures="0" tests="4" name="com.sk.automation.tests.SwitchFramesTest" time="42.099" errors="0" timestamp="2026-08-20T09:24:28 IST" skipped="0">
  <testcase classname="com.sk.automation.tests.SwitchFramesTest" name="shouldReadTextFromNestedFrame" time="9.781"/>
  <testcase classname="com.sk.automation.tests.SwitchFramesTest" name="shouldReturnToPackageListAfterEnteringClassFrame" time="13.935"/>
  <testcase classname="com.sk.automation.tests.SwitchFramesTest" name="shouldReachSiblingFrameAfterReturningToDefaultContent" time="4.012"/>
  <testcase classname="com.sk.automation.tests.SwitchFramesTest" name="shouldDisplaySelectedTypeInClassFrame" time="14.371"/>
</testsuite> <!-- com.sk.automation.tests.SwitchFramesTest -->
