<?xml version="1.0" encoding="UTF-8"?>
<!-- Generated by org.testng.reporters.JUnitXMLReporter -->
<testsuite ignored="1" hostname="Suchit" failures="0" tests="4" name="AllParametersSupplied" time="16.314" errors="0" timestamp="2026-09-07T15:48:20 IST">
  <testcase classname="testngpack.tests.AmazonSearchTest" name="homePageLoads" time="1.601"/>
  <testcase classname="testngpack.tests.AmazonSearchTest" name="searchProduct" time="5.024"/>
  <testcase classname="testngpack.tests.UrlNavigationTest" name="navigateToSecondUrl" time="1.101"/>
  <testcase classname="testngpack.tests.UrlNavigationTest" name="readParameterFromContext" time="1.031"/>
  <testcase classname="testngpack.base.BaseClass" name="@BeforeSuite loadConfiguration" time="0.0">
    <ignored/>
  </testcase> <!-- @BeforeSuite loadConfiguration -->
</testsuite> <!-- AllParametersSupplied -->
