<?xml version="1.0" encoding="UTF-8"?>
<!-- Generated by org.testng.reporters.JUnitXMLReporter -->
<testsuite ignored="1" hostname="Suchit" failures="0" tests="4" name="OptionalDefaultsUsed" time="13.678" errors="0" timestamp="2026-09-07T15:48:34 IST">
  <testcase classname="testngpack.tests.AmazonSearchTest" name="homePageLoads" time="1.696"/>
  <testcase classname="testngpack.tests.AmazonSearchTest" name="searchProduct" time="4.309"/>
  <testcase classname="testngpack.tests.UrlNavigationTest" name="navigateToSecondUrl" time="0.852"/>
  <testcase classname="testngpack.tests.UrlNavigationTest" name="readParameterFromContext" time="0.911"/>
  <testcase classname="testngpack.base.BaseClass" name="@BeforeSuite loadConfiguration" time="0.0">
    <ignored/>
  </testcase> <!-- @BeforeSuite loadConfiguration -->
</testsuite> <!-- OptionalDefaultsUsed -->
