<?xml version="1.0" encoding="UTF-8"?>
<!-- Generated by org.testng.reporters.JUnitXMLReporter -->
<testsuite ignored="0" hostname="Suchit" failures="0" tests="2" name="TestLevelOverridesSuiteLevel" time="5.557" errors="0" timestamp="2026-09-07T15:48:39 IST">
  <testcase classname="testngpack.tests.UrlNavigationTest" name="navigateToSecondUrl" time="1.071"/>
  <testcase classname="testngpack.tests.UrlNavigationTest" name="readParameterFromContext" time="1.047"/>
</testsuite> <!-- TestLevelOverridesSuiteLevel -->
