<?xml version="1.0" encoding="UTF-8"?>
<!-- Generated by org.testng.reporters.JUnitXMLReporter -->
<testsuite ignored="0" hostname="Suchit" failures="0" tests="4" name="MethodLevelParallel" time="6.413" errors="0" timestamp="2026-09-07T15:48:46 IST">
  <testcase classname="testngpack.tests.ParallelMethodsTest" name="searchButton_isDisplayed" time="1.743"/>
  <testcase classname="testngpack.tests.ParallelMethodsTest" name="categoryDropdown_isDisplayed" time="2.509"/>
  <testcase classname="testngpack.tests.ParallelMethodsTest" name="searchBox_isDisplayed" time="3.1"/>
  <testcase classname="testngpack.tests.ParallelMethodsTest" name="pageTitle_isNotBlank" time="3.362"/>
</testsuite> <!-- MethodLevelParallel -->
