<?xml version="1.0" encoding="UTF-8"?>
<!-- Generated by org.testng.reporters.JUnitReportReporter -->
<testsuite hostname="Suchit" failures="0" tests="16" name="com.sk.tests.AuthenticationTests" time="218.598" errors="0" timestamp="2026-09-03T15:33:00 IST" skipped="0">
  <testcase classname="com.sk.tests.AuthenticationTests" name="testValidLogin" time="9.629"/>
  <testcase classname="com.sk.tests.AuthenticationTests" name="testInvalidUsername" time="7.242"/>
  <testcase classname="com.sk.tests.AuthenticationTests" name="testInvalidPassword" time="7.940"/>
  <testcase classname="com.sk.tests.AuthenticationTests" name="testEmptyUsername" time="7.473"/>
  <testcase classname="com.sk.tests.AuthenticationTests" name="testEmptyPassword" time="9.561"/>
  <testcase classname="com.sk.tests.AuthenticationTests" name="testSQLInjectionAttempt" time="20.248"/>
  <testcase classname="com.sk.tests.AuthenticationTests" name="testCaseSensitivity" time="18.683"/>
  <testcase classname="com.sk.tests.AuthenticationTests" name="testLogout" time="14.924"/>
  <testcase classname="com.sk.tests.AuthenticationTests" name="testSpecialCharactersInPassword" time="7.177"/>
  <testcase classname="com.sk.tests.AuthenticationTests" name="testLoginWithMultipleCredentials" time="17.650"/>
  <testcase classname="com.sk.tests.AuthenticationTests" name="testLoginWithMultipleCredentials" time="9.258"/>
  <testcase classname="com.sk.tests.AuthenticationTests" name="testLoginWithMultipleCredentials" time="16.361"/>
  <testcase classname="com.sk.tests.AuthenticationTests" name="testLoginWithMultipleCredentials" time="17.894"/>
  <testcase classname="com.sk.tests.AuthenticationTests" name="testLoginWithMultipleCredentials" time="17.172"/>
  <testcase classname="com.sk.tests.AuthenticationTests" name="testLoginWithMultipleCredentials" time="17.406"/>
  <testcase classname="com.sk.tests.AuthenticationTests" name="testLoginWithMultipleCredentials" time="19.980"/>
</testsuite> <!-- com.sk.tests.AuthenticationTests -->
