<?xml version="1.0" encoding="UTF-8"?>
<!-- Generated by org.testng.reporters.JUnitXMLReporter -->
<testsuite ignored="0" hostname="Suchit" failures="0" tests="6" name="DataProviderParallel" time="17.018" errors="0" timestamp="2026-09-07T15:49:29 IST">
  <testcase classname="testngpack.tests.DataProviderParallelTest" name="openEachUrl" time="1.312"/>
  <testcase classname="testngpack.tests.DataProviderParallelTest" name="openEachUrl" time="1.014"/>
  <testcase classname="testngpack.tests.DataProviderParallelTest" name="openEachUrl" time="2.342"/>
  <testcase classname="testngpack.tests.DataProviderParallelTest" name="searchEachTerm" time="7.051"/>
  <testcase classname="testngpack.tests.DataProviderParallelTest" name="searchEachTerm" time="7.178"/>
  <testcase classname="testngpack.tests.DataProviderParallelTest" name="searchEachTerm" time="9.554"/>
</testsuite> <!-- DataProviderParallel -->
