<?xml version="1.0" encoding="UTF-8"?>
<!-- Generated by org.testng.reporters.JUnitXMLReporter -->
<testsuite ignored="0" hostname="Suchit" failures="0" tests="16" name="Complete Authentication Test Suite" time="205.256" errors="0" timestamp="2026-09-03T15:16:09 IST">
  <testcase classname="com.sk.tests.AuthenticationTests" name="testValidLogin" time="4.907"/>
  <testcase classname="com.sk.tests.AuthenticationTests" name="testInvalidUsername" time="3.825"/>
  <testcase classname="com.sk.tests.AuthenticationTests" name="testInvalidPassword" time="3.758"/>
  <testcase classname="com.sk.tests.AuthenticationTests" name="testEmptyUsername" time="4.567"/>
  <testcase classname="com.sk.tests.AuthenticationTests" name="testEmptyPassword" time="3.598"/>
  <testcase classname="com.sk.tests.AuthenticationTests" name="testSQLInjectionAttempt" time="13.644"/>
  <testcase classname="com.sk.tests.AuthenticationTests" name="testCaseSensitivity" time="14.164"/>
  <testcase classname="com.sk.tests.AuthenticationTests" name="testLogout" time="7.937"/>
  <testcase classname="com.sk.tests.AuthenticationTests" name="testSpecialCharactersInPassword" time="3.322"/>
  <testcase classname="com.sk.tests.AuthenticationTests" name="testLoginWithMultipleCredentials" time="5.539"/>
  <testcase classname="com.sk.tests.AuthenticationTests" name="testLoginWithMultipleCredentials" time="13.802"/>
  <testcase classname="com.sk.tests.AuthenticationTests" name="testLoginWithMultipleCredentials" time="14.471"/>
  <testcase classname="com.sk.tests.AuthenticationTests" name="testLoginWithMultipleCredentials" time="13.777"/>
  <testcase classname="com.sk.tests.AuthenticationTests" name="testLoginWithMultipleCredentials" time="14.329"/>
  <testcase classname="com.sk.tests.AuthenticationTests" name="testLoginWithMultipleCredentials" time="14.206"/>
  <testcase classname="com.sk.tests.AuthenticationTests" name="testLoginWithMultipleCredentials" time="13.967"/>
</testsuite> <!-- Complete Authentication Test Suite -->
