<?xml version="1.0" encoding="UTF-8"?>
<!-- Generated by org.testng.reporters.JUnitReportReporter -->
<testsuite hostname="Suchit" failures="0" tests="4" name="testngpack.tests.ParallelMethodsTest" time="24.639" errors="0" timestamp="2026-09-07T23:24:40 IST" skipped="0">
  <testcase classname="testngpack.tests.ParallelMethodsTest" name="pageTitle_isNotBlank" time="7.242"/>
  <testcase classname="testngpack.tests.ParallelMethodsTest" name="categoryDropdown_isDisplayed" time="7.086"/>
  <testcase classname="testngpack.tests.ParallelMethodsTest" name="searchBox_isDisplayed" time="3.041"/>
  <testcase classname="testngpack.tests.ParallelMethodsTest" name="searchButton_isDisplayed" time="7.270"/>
</testsuite> <!-- testngpack.tests.ParallelMethodsTest -->
