<?xml version="1.0" encoding="UTF-8"?>
<!-- Generated by org.testng.reporters.JUnitReportReporter -->
<testsuite hostname="Suchit" failures="0" tests="6" name="testngpack.tests.DataProviderParallelTest" time="42.586" errors="0" timestamp="2026-09-07T15:49:29 IST" skipped="0">
  <testcase classname="testngpack.tests.DataProviderParallelTest" name="searchEachTerm" time="8.990"/>
  <testcase classname="testngpack.tests.DataProviderParallelTest" name="openEachUrl" time="5.026"/>
  <testcase classname="testngpack.tests.DataProviderParallelTest" name="searchEachTerm" time="9.956"/>
  <testcase classname="testngpack.tests.DataProviderParallelTest" name="openEachUrl" time="3.216"/>
  <testcase classname="testngpack.tests.DataProviderParallelTest" name="searchEachTerm" time="12.066"/>
  <testcase classname="testngpack.tests.DataProviderParallelTest" name="openEachUrl" time="3.332"/>
</testsuite> <!-- testngpack.tests.DataProviderParallelTest -->
