<?xml version="1.0" encoding="UTF-8"?>
<!-- Generated by org.testng.reporters.JUnitReportReporter -->
<testsuite hostname="Suchit" failures="0" tests="4" name="testngpack.tests.AmazonSearchTest" time="23.438" errors="0" timestamp="2026-09-03T09:21:36 IST" skipped="0">
  <testcase classname="testngpack.tests.AmazonSearchTest" name="searchProduct" time="7.403"/>
  <testcase classname="testngpack.tests.AmazonSearchTest" name="homePageLoads" time="4.213"/>
  <testcase classname="testngpack.tests.AmazonSearchTest" name="homePageLoads" time="3.828"/>
  <testcase classname="testngpack.tests.AmazonSearchTest" name="searchProduct" time="7.994"/>
</testsuite> <!-- testngpack.tests.AmazonSearchTest -->
