<?xml version="1.0" encoding="UTF-8"?>
<!-- Generated by org.testng.reporters.JUnitReportReporter -->
<testsuite hostname="Suchit" failures="0" tests="2" name="testngpack.tests.UrlNavigationTest" time="18.568" errors="0" timestamp="2026-09-07T23:24:40 IST" skipped="0">
  <testcase classname="testngpack.tests.UrlNavigationTest" name="readParameterFromContext" time="7.162"/>
  <testcase classname="testngpack.tests.UrlNavigationTest" name="navigateToSecondUrl" time="11.406"/>
</testsuite> <!-- testngpack.tests.UrlNavigationTest -->
