<?xml version="1.0" encoding="UTF-8"?>
<!-- Generated by org.testng.reporters.JUnitReportReporter -->
<testsuite hostname="Suchit" failures="0" tests="6" name="testngpack.tests.ParallelInstancesTest" time="21.896" errors="0" timestamp="2026-09-07T15:49:29 IST" skipped="0">
  <testcase classname="testngpack.tests.ParallelInstancesTest" name="siteHasTitle" time="3.505"/>
  <testcase classname="testngpack.tests.ParallelInstancesTest" name="siteHasTitle" time="4.591"/>
  <testcase classname="testngpack.tests.ParallelInstancesTest" name="siteIsReachable" time="3.034"/>
  <testcase classname="testngpack.tests.ParallelInstancesTest" name="siteIsReachable" time="3.103"/>
  <testcase classname="testngpack.tests.ParallelInstancesTest" name="siteHasTitle" time="4.392"/>
  <testcase classname="testngpack.tests.ParallelInstancesTest" name="siteIsReachable" time="3.271"/>
</testsuite> <!-- testngpack.tests.ParallelInstancesTest -->
