<?xml version="1.0" encoding="UTF-8"?>
<!-- Generated by org.testng.reporters.JUnitReportReporter -->
<testsuite hostname="Suchit" failures="0" tests="2" name="testngpack.tests.AmazonSearchTest" time="21.428" errors="0" timestamp="2026-09-07T23:24:40 IST" skipped="0">
  <testcase classname="testngpack.tests.AmazonSearchTest" name="homePageLoads" time="5.936"/>
  <testcase classname="testngpack.tests.AmazonSearchTest" name="searchProduct" time="15.492"/>
</testsuite> <!-- testngpack.tests.AmazonSearchTest -->
