<?xml version="1.0" encoding="UTF-8"?>
<!-- Generated by org.testng.reporters.JUnitXMLReporter -->
<testsuite ignored="0" hostname="Suchit" failures="0" tests="6" name="InstanceLevelParallel" time="7.639" errors="0" timestamp="2026-09-07T15:49:12 IST">
  <testcase classname="testngpack.tests.ParallelInstancesTest" name="siteIsReachable on ParallelInstancesTest(amazon)" time="0.166"/>
  <testcase classname="testngpack.tests.ParallelInstancesTest" name="siteIsReachable on ParallelInstancesTest(facebook)" time="1.111"/>
  <testcase classname="testngpack.tests.ParallelInstancesTest" name="siteIsReachable on ParallelInstancesTest(bbc)" time="1.504"/>
  <testcase classname="testngpack.tests.ParallelInstancesTest" name="siteHasTitle on ParallelInstancesTest(facebook)" time="0.888"/>
  <testcase classname="testngpack.tests.ParallelInstancesTest" name="siteHasTitle on ParallelInstancesTest(bbc)" time="2.251"/>
  <testcase classname="testngpack.tests.ParallelInstancesTest" name="siteHasTitle on ParallelInstancesTest(amazon)" time="2.462"/>
</testsuite> <!-- InstanceLevelParallel -->
