<?xml version="1.0" encoding="UTF-8"?>
<testng-results ignored="0" total="16" passed="16" failed="0" skipped="0">
  <reporter-output>
  </reporter-output>
  <suite started-at="2026-09-03T15:31:04 IST" name="Authentication Test Suite" finished-at="2026-09-03T15:33:00 IST" duration-ms="115806">
    <groups>
    </groups>
    <test started-at="2026-09-03T15:31:04 IST" name="User Experience Tests" finished-at="2026-09-03T15:31:19 IST" duration-ms="14980">
      <class name="com.sk.tests.AuthenticationTests">
        <test-method is-config="true" signature="beforeClass()[pri:0, instance:com.sk.tests.AuthenticationTests@610f7aa]" started-at="2026-09-03T15:31:04 IST" name="beforeClass" finished-at="2026-09-03T15:31:04 IST" duration-ms="3" status="PASS">
          <reporter-output>
          </reporter-output>
        </test-method> <!-- beforeClass -->
        <test-method is-config="true" signature="beforeMethod()[pri:0, instance:com.sk.tests.AuthenticationTests@610f7aa]" started-at="2026-09-03T15:31:04 IST" name="beforeMethod" finished-at="2026-09-03T15:31:10 IST" duration-ms="5320" status="PASS">
          <reporter-output>
          </reporter-output>
        </test-method> <!-- beforeMethod -->
        <test-method signature="testLogout()[pri:8, instance:com.sk.tests.AuthenticationTests@610f7aa]" started-at="2026-09-03T15:31:10 IST" name="testLogout" description="Verify user can logout successfully" finished-at="2026-09-03T15:31:19 IST" duration-ms="9165" status="PASS">
          <reporter-output>
          </reporter-output>
        </test-method> <!-- testLogout -->
        <test-method is-config="true" signature="afterMethod()[pri:0, instance:com.sk.tests.AuthenticationTests@610f7aa]" started-at="2026-09-03T15:31:19 IST" name="afterMethod" finished-at="2026-09-03T15:31:19 IST" duration-ms="439" status="PASS">
          <reporter-output>
          </reporter-output>
        </test-method> <!-- afterMethod -->
        <test-method is-config="true" signature="afterClass()[pri:0, instance:com.sk.tests.AuthenticationTests@610f7aa]" started-at="2026-09-03T15:31:19 IST" name="afterClass" finished-at="2026-09-03T15:31:19 IST" duration-ms="3" status="PASS">
          <reporter-output>
          </reporter-output>
        </test-method> <!-- afterClass -->
      </class> <!-- com.sk.tests.AuthenticationTests -->
    </test> <!-- User Experience Tests -->
    <test started-at="2026-09-03T15:31:04 IST" name="Basic Authentication Tests" finished-at="2026-09-03T15:31:46 IST" duration-ms="41936">
      <class name="com.sk.tests.AuthenticationTests">
        <test-method is-config="true" signature="beforeClass()[pri:0, instance:com.sk.tests.AuthenticationTests@4988d8b8]" started-at="2026-09-03T15:31:04 IST" name="beforeClass" finished-at="2026-09-03T15:31:04 IST" duration-ms="2" status="PASS">
          <reporter-output>
          </reporter-output>
        </test-method> <!-- beforeClass -->
        <test-method is-config="true" signature="beforeMethod()[pri:0, instance:com.sk.tests.AuthenticationTests@4988d8b8]" started-at="2026-09-03T15:31:04 IST" name="beforeMethod" finished-at="2026-09-03T15:31:10 IST" duration-ms="5401" status="PASS">
          <reporter-output>
          </reporter-output>
        </test-method> <!-- beforeMethod -->
        <test-method signature="testValidLogin()[pri:1, instance:com.sk.tests.AuthenticationTests@4988d8b8]" started-at="2026-09-03T15:31:10 IST" name="testValidLogin" description="Verify user can login with valid credentials" finished-at="2026-09-03T15:31:16 IST" duration-ms="6169" status="PASS">
          <reporter-output>
          </reporter-output>
        </test-method> <!-- testValidLogin -->
        <test-method is-config="true" signature="afterMethod()[pri:0, instance:com.sk.tests.AuthenticationTests@4988d8b8]" started-at="2026-09-03T15:31:16 IST" name="afterMethod" finished-at="2026-09-03T15:31:17 IST" duration-ms="555" status="PASS">
          <reporter-output>
          </reporter-output>
        </test-method> <!-- afterMethod -->
        <test-method is-config="true" signature="beforeMethod()[pri:0, instance:com.sk.tests.AuthenticationTests@4988d8b8]" started-at="2026-09-03T15:31:17 IST" name="beforeMethod" finished-at="2026-09-03T15:31:20 IST" duration-ms="3027" status="PASS">
          <reporter-output>
          </reporter-output>
        </test-method> <!-- beforeMethod -->
        <test-method signature="testInvalidUsername()[pri:2, instance:com.sk.tests.AuthenticationTests@4988d8b8]" started-at="2026-09-03T15:31:20 IST" name="testInvalidUsername" description="Verify login fails with invalid username" finished-at="2026-09-03T15:31:23 IST" duration-ms="3761" status="PASS">
          <reporter-output>
          </reporter-output>
        </test-method> <!-- testInvalidUsername -->
        <test-method is-config="true" signature="afterMethod()[pri:0, instance:com.sk.tests.AuthenticationTests@4988d8b8]" started-at="2026-09-03T15:31:23 IST" name="afterMethod" finished-at="2026-09-03T15:31:24 IST" duration-ms="454" status="PASS">
          <reporter-output>
          </reporter-output>
        </test-method> <!-- afterMethod -->
        <test-method is-config="true" signature="beforeMethod()[pri:0, instance:com.sk.tests.AuthenticationTests@4988d8b8]" started-at="2026-09-03T15:31:24 IST" name="beforeMethod" finished-at="2026-09-03T15:31:27 IST" duration-ms="3158" status="PASS">
          <reporter-output>
          </reporter-output>
        </test-method> <!-- beforeMethod -->
        <test-method signature="testInvalidPassword()[pri:3, instance:com.sk.tests.AuthenticationTests@4988d8b8]" started-at="2026-09-03T15:31:27 IST" name="testInvalidPassword" description="Verify login fails with invalid password" finished-at="2026-09-03T15:31:31 IST" duration-ms="3889" status="PASS">
          <reporter-output>
          </reporter-output>
        </test-method> <!-- testInvalidPassword -->
        <test-method is-config="true" signature="afterMethod()[pri:0, instance:com.sk.tests.AuthenticationTests@4988d8b8]" started-at="2026-09-03T15:31:31 IST" name="afterMethod" finished-at="2026-09-03T15:31:31 IST" duration-ms="291" status="PASS">
          <reporter-output>
          </reporter-output>
        </test-method> <!-- afterMethod -->
        <test-method is-config="true" signature="beforeMethod()[pri:0, instance:com.sk.tests.AuthenticationTests@4988d8b8]" started-at="2026-09-03T15:31:31 IST" name="beforeMethod" finished-at="2026-09-03T15:31:35 IST" duration-ms="3760" status="PASS">
          <reporter-output>
          </reporter-output>
        </test-method> <!-- beforeMethod -->
        <test-method signature="testEmptyUsername()[pri:4, instance:com.sk.tests.AuthenticationTests@4988d8b8]" started-at="2026-09-03T15:31:35 IST" name="testEmptyUsername" description="Verify login fails when username is empty" finished-at="2026-09-03T15:31:39 IST" duration-ms="3676" status="PASS">
          <reporter-output>
          </reporter-output>
        </test-method> <!-- testEmptyUsername -->
        <test-method is-config="true" signature="afterMethod()[pri:0, instance:com.sk.tests.AuthenticationTests@4988d8b8]" started-at="2026-09-03T15:31:39 IST" name="afterMethod" finished-at="2026-09-03T15:31:39 IST" duration-ms="384" status="PASS">
          <reporter-output>
          </reporter-output>
        </test-method> <!-- afterMethod -->
        <test-method is-config="true" signature="beforeMethod()[pri:0, instance:com.sk.tests.AuthenticationTests@4988d8b8]" started-at="2026-09-03T15:31:39 IST" name="beforeMethod" finished-at="2026-09-03T15:31:42 IST" duration-ms="3413" status="PASS">
          <reporter-output>
          </reporter-output>
        </test-method> <!-- beforeMethod -->
        <test-method signature="testEmptyPassword()[pri:5, instance:com.sk.tests.AuthenticationTests@4988d8b8]" started-at="2026-09-03T15:31:42 IST" name="testEmptyPassword" description="Verify login fails when password is empty" finished-at="2026-09-03T15:31:46 IST" duration-ms="3605" status="PASS">
          <reporter-output>
          </reporter-output>
        </test-method> <!-- testEmptyPassword -->
        <test-method is-config="true" signature="afterMethod()[pri:0, instance:com.sk.tests.AuthenticationTests@4988d8b8]" started-at="2026-09-03T15:31:46 IST" name="afterMethod" finished-at="2026-09-03T15:31:46 IST" duration-ms="302" status="PASS">
          <reporter-output>
          </reporter-output>
        </test-method> <!-- afterMethod -->
        <test-method is-config="true" signature="afterClass()[pri:0, instance:com.sk.tests.AuthenticationTests@4988d8b8]" started-at="2026-09-03T15:31:46 IST" name="afterClass" finished-at="2026-09-03T15:31:46 IST" duration-ms="1" status="PASS">
          <reporter-output>
          </reporter-output>
        </test-method> <!-- afterClass -->
      </class> <!-- com.sk.tests.AuthenticationTests -->
    </test> <!-- Basic Authentication Tests -->
    <test started-at="2026-09-03T15:31:04 IST" name="Security Tests" finished-at="2026-09-03T15:31:51 IST" duration-ms="46177">
      <class name="com.sk.tests.AuthenticationTests">
        <test-method is-config="true" signature="beforeClass()[pri:0, instance:com.sk.tests.AuthenticationTests@175b9425]" started-at="2026-09-03T15:31:04 IST" name="beforeClass" finished-at="2026-09-03T15:31:04 IST" duration-ms="3" status="PASS">
          <reporter-output>
          </reporter-output>
        </test-method> <!-- beforeClass -->
        <test-method is-config="true" signature="beforeMethod()[pri:0, instance:com.sk.tests.AuthenticationTests@175b9425]" started-at="2026-09-03T15:31:04 IST" name="beforeMethod" finished-at="2026-09-03T15:31:10 IST" duration-ms="5669" status="PASS">
          <reporter-output>
          </reporter-output>
        </test-method> <!-- beforeMethod -->
        <test-method signature="testSQLInjectionAttempt()[pri:6, instance:com.sk.tests.AuthenticationTests@175b9425]" started-at="2026-09-03T15:31:10 IST" name="testSQLInjectionAttempt" description="Verify application handles SQL injection attempts" finished-at="2026-09-03T15:31:24 IST" duration-ms="14264" status="PASS">
          <reporter-output>
          </reporter-output>
        </test-method> <!-- testSQLInjectionAttempt -->
        <test-method is-config="true" signature="afterMethod()[pri:0, instance:com.sk.tests.AuthenticationTests@175b9425]" started-at="2026-09-03T15:31:24 IST" name="afterMethod" finished-at="2026-09-03T15:31:25 IST" duration-ms="446" status="PASS">
          <reporter-output>
          </reporter-output>
        </test-method> <!-- afterMethod -->
        <test-method is-config="true" signature="beforeMethod()[pri:0, instance:com.sk.tests.AuthenticationTests@175b9425]" started-at="2026-09-03T15:31:25 IST" name="beforeMethod" finished-at="2026-09-03T15:31:29 IST" duration-ms="4121" status="PASS">
          <reporter-output>
          </reporter-output>
        </test-method> <!-- beforeMethod -->
        <test-method signature="testCaseSensitivity()[pri:7, instance:com.sk.tests.AuthenticationTests@175b9425]" started-at="2026-09-03T15:31:29 IST" name="testCaseSensitivity" description="Verify login with different case combinations" finished-at="2026-09-03T15:31:43 IST" duration-ms="14134" status="PASS">
          <reporter-output>
          </reporter-output>
        </test-method> <!-- testCaseSensitivity -->
        <test-method is-config="true" signature="afterMethod()[pri:0, instance:com.sk.tests.AuthenticationTests@175b9425]" started-at="2026-09-03T15:31:43 IST" name="afterMethod" finished-at="2026-09-03T15:31:43 IST" duration-ms="428" status="PASS">
          <reporter-output>
          </reporter-output>
        </test-method> <!-- afterMethod -->
        <test-method is-config="true" signature="beforeMethod()[pri:0, instance:com.sk.tests.AuthenticationTests@175b9425]" started-at="2026-09-03T15:31:43 IST" name="beforeMethod" finished-at="2026-09-03T15:31:47 IST" duration-ms="3198" status="PASS">
          <reporter-output>
          </reporter-output>
        </test-method> <!-- beforeMethod -->
        <test-method signature="testSpecialCharactersInPassword()[pri:9, instance:com.sk.tests.AuthenticationTests@175b9425]" started-at="2026-09-03T15:31:47 IST" name="testSpecialCharactersInPassword" description="Verify login behavior with special characters" finished-at="2026-09-03T15:31:50 IST" duration-ms="3533" status="PASS">
          <reporter-output>
          </reporter-output>
        </test-method> <!-- testSpecialCharactersInPassword -->
        <test-method is-config="true" signature="afterMethod()[pri:0, instance:com.sk.tests.AuthenticationTests@175b9425]" started-at="2026-09-03T15:31:50 IST" name="afterMethod" finished-at="2026-09-03T15:31:51 IST" duration-ms="315" status="PASS">
          <reporter-output>
          </reporter-output>
        </test-method> <!-- afterMethod -->
        <test-method is-config="true" signature="afterClass()[pri:0, instance:com.sk.tests.AuthenticationTests@175b9425]" started-at="2026-09-03T15:31:51 IST" name="afterClass" finished-at="2026-09-03T15:31:51 IST" duration-ms="2" status="PASS">
          <reporter-output>
          </reporter-output>
        </test-method> <!-- afterClass -->
      </class> <!-- com.sk.tests.AuthenticationTests -->
    </test> <!-- Security Tests -->
    <test started-at="2026-09-03T15:31:04 IST" name="Data-Driven Authentication Tests" finished-at="2026-09-03T15:33:00 IST" duration-ms="115806">
      <class name="com.sk.tests.AuthenticationTests">
        <test-method is-config="true" signature="beforeSuite()[pri:0, instance:com.sk.tests.AuthenticationTests@5609159b]" started-at="2026-09-03T15:31:04 IST" name="beforeSuite" finished-at="2026-09-03T15:31:04 IST" duration-ms="227" status="PASS">
          <reporter-output>
          </reporter-output>
        </test-method> <!-- beforeSuite -->
        <test-method is-config="true" signature="beforeClass()[pri:0, instance:com.sk.tests.AuthenticationTests@5609159b]" started-at="2026-09-03T15:31:04 IST" name="beforeClass" finished-at="2026-09-03T15:31:04 IST" duration-ms="0" status="PASS">
          <reporter-output>
          </reporter-output>
        </test-method> <!-- beforeClass -->
        <test-method is-config="true" signature="beforeMethod()[pri:0, instance:com.sk.tests.AuthenticationTests@5609159b]" started-at="2026-09-03T15:31:04 IST" name="beforeMethod" finished-at="2026-09-03T15:31:10 IST" duration-ms="5586" status="PASS">
          <reporter-output>
          </reporter-output>
        </test-method> <!-- beforeMethod -->
        <test-method signature="testLoginWithMultipleCredentials(java.lang.String,java.lang.String,boolean)[pri:10, instance:com.sk.tests.AuthenticationTests@5609159b]" started-at="2026-09-03T15:31:10 IST" name="testLoginWithMultipleCredentials" description="Data-driven test with multiple username/password combinations" data-provider="loginCredentials" finished-at="2026-09-03T15:31:16 IST" duration-ms="6063" status="PASS">
          <params>
            <param index="0">
              <value>
                <![CDATA[student]]>
              </value>
            </param>
            <param index="1">
              <value>
                <![CDATA[Password123]]>
              </value>
            </param>
            <param index="2">
              <value>
                <![CDATA[true]]>
              </value>
            </param>
          </params>
          <reporter-output>
          </reporter-output>
        </test-method> <!-- testLoginWithMultipleCredentials -->
        <test-method is-config="true" signature="afterMethod()[pri:0, instance:com.sk.tests.AuthenticationTests@5609159b]" started-at="2026-09-03T15:31:16 IST" name="afterMethod" finished-at="2026-09-03T15:31:16 IST" duration-ms="449" status="PASS">
          <reporter-output>
          </reporter-output>
        </test-method> <!-- afterMethod -->
        <test-method is-config="true" signature="beforeMethod()[pri:0, instance:com.sk.tests.AuthenticationTests@5609159b]" started-at="2026-09-03T15:31:16 IST" name="beforeMethod" finished-at="2026-09-03T15:31:20 IST" duration-ms="3450" status="PASS">
          <reporter-output>
          </reporter-output>
        </test-method> <!-- beforeMethod -->
        <test-method signature="testLoginWithMultipleCredentials(java.lang.String,java.lang.String,boolean)[pri:10, instance:com.sk.tests.AuthenticationTests@5609159b]" started-at="2026-09-03T15:31:20 IST" name="testLoginWithMultipleCredentials" description="Data-driven test with multiple username/password combinations" data-provider="loginCredentials" finished-at="2026-09-03T15:31:34 IST" duration-ms="14021" status="PASS">
          <params>
            <param index="0">
              <value>
                <![CDATA[invaliduser]]>
              </value>
            </param>
            <param index="1">
              <value>
                <![CDATA[password123]]>
              </value>
            </param>
            <param index="2">
              <value>
                <![CDATA[false]]>
              </value>
            </param>
          </params>
          <reporter-output>
          </reporter-output>
        </test-method> <!-- testLoginWithMultipleCredentials -->
        <test-method is-config="true" signature="afterMethod()[pri:0, instance:com.sk.tests.AuthenticationTests@5609159b]" started-at="2026-09-03T15:31:34 IST" name="afterMethod" finished-at="2026-09-03T15:31:34 IST" duration-ms="352" status="PASS">
          <reporter-output>
          </reporter-output>
        </test-method> <!-- afterMethod -->
        <test-method is-config="true" signature="beforeMethod()[pri:0, instance:com.sk.tests.AuthenticationTests@5609159b]" started-at="2026-09-03T15:31:34 IST" name="beforeMethod" finished-at="2026-09-03T15:31:37 IST" duration-ms="3167" status="PASS">
          <reporter-output>
          </reporter-output>
        </test-method> <!-- beforeMethod -->
        <test-method signature="testLoginWithMultipleCredentials(java.lang.String,java.lang.String,boolean)[pri:10, instance:com.sk.tests.AuthenticationTests@5609159b]" started-at="2026-09-03T15:31:37 IST" name="testLoginWithMultipleCredentials" description="Data-driven test with multiple username/password combinations" data-provider="loginCredentials" finished-at="2026-09-03T15:31:51 IST" duration-ms="13808" status="PASS">
          <params>
            <param index="0">
              <value>
                <![CDATA[student]]>
              </value>
            </param>
            <param index="1">
              <value>
                <![CDATA[wrongpassword]]>
              </value>
            </param>
            <param index="2">
              <value>
                <![CDATA[false]]>
              </value>
            </param>
          </params>
          <reporter-output>
          </reporter-output>
        </test-method> <!-- testLoginWithMultipleCredentials -->
        <test-method is-config="true" signature="afterMethod()[pri:0, instance:com.sk.tests.AuthenticationTests@5609159b]" started-at="2026-09-03T15:31:51 IST" name="afterMethod" finished-at="2026-09-03T15:31:52 IST" duration-ms="300" status="PASS">
          <reporter-output>
          </reporter-output>
        </test-method> <!-- afterMethod -->
        <test-method is-config="true" signature="beforeMethod()[pri:0, instance:com.sk.tests.AuthenticationTests@5609159b]" started-at="2026-09-03T15:31:52 IST" name="beforeMethod" finished-at="2026-09-03T15:31:54 IST" duration-ms="2895" status="PASS">
          <reporter-output>
          </reporter-output>
        </test-method> <!-- beforeMethod -->
        <test-method signature="testLoginWithMultipleCredentials(java.lang.String,java.lang.String,boolean)[pri:10, instance:com.sk.tests.AuthenticationTests@5609159b]" started-at="2026-09-03T15:31:54 IST" name="testLoginWithMultipleCredentials" description="Data-driven test with multiple username/password combinations" data-provider="loginCredentials" finished-at="2026-09-03T15:32:08 IST" duration-ms="13893" status="PASS">
          <params>
            <param index="0">
              <value>
                <![CDATA[]]>
              </value>
            </param>
            <param index="1">
              <value>
                <![CDATA[Password123]]>
              </value>
            </param>
            <param index="2">
              <value>
                <![CDATA[false]]>
              </value>
            </param>
          </params>
          <reporter-output>
          </reporter-output>
        </test-method> <!-- testLoginWithMultipleCredentials -->
        <test-method is-config="true" signature="afterMethod()[pri:0, instance:com.sk.tests.AuthenticationTests@5609159b]" started-at="2026-09-03T15:32:08 IST" name="afterMethod" finished-at="2026-09-03T15:32:09 IST" duration-ms="179" status="PASS">
          <reporter-output>
          </reporter-output>
        </test-method> <!-- afterMethod -->
        <test-method is-config="true" signature="beforeMethod()[pri:0, instance:com.sk.tests.AuthenticationTests@5609159b]" started-at="2026-09-03T15:32:09 IST" name="beforeMethod" finished-at="2026-09-03T15:32:11 IST" duration-ms="2443" status="PASS">
          <reporter-output>
          </reporter-output>
        </test-method> <!-- beforeMethod -->
        <test-method signature="testLoginWithMultipleCredentials(java.lang.String,java.lang.String,boolean)[pri:10, instance:com.sk.tests.AuthenticationTests@5609159b]" started-at="2026-09-03T15:32:11 IST" name="testLoginWithMultipleCredentials" description="Data-driven test with multiple username/password combinations" data-provider="loginCredentials" finished-at="2026-09-03T15:32:25 IST" duration-ms="13858" status="PASS">
          <params>
            <param index="0">
              <value>
                <![CDATA[student]]>
              </value>
            </param>
            <param index="1">
              <value>
                <![CDATA[]]>
              </value>
            </param>
            <param index="2">
              <value>
                <![CDATA[false]]>
              </value>
            </param>
          </params>
          <reporter-output>
          </reporter-output>
        </test-method> <!-- testLoginWithMultipleCredentials -->
        <test-method is-config="true" signature="afterMethod()[pri:0, instance:com.sk.tests.AuthenticationTests@5609159b]" started-at="2026-09-03T15:32:25 IST" name="afterMethod" finished-at="2026-09-03T15:32:25 IST" duration-ms="214" status="PASS">
          <reporter-output>
          </reporter-output>
        </test-method> <!-- afterMethod -->
        <test-method is-config="true" signature="beforeMethod()[pri:0, instance:com.sk.tests.AuthenticationTests@5609159b]" started-at="2026-09-03T15:32:25 IST" name="beforeMethod" finished-at="2026-09-03T15:32:27 IST" duration-ms="2359" status="PASS">
          <reporter-output>
          </reporter-output>
        </test-method> <!-- beforeMethod -->
        <test-method signature="testLoginWithMultipleCredentials(java.lang.String,java.lang.String,boolean)[pri:10, instance:com.sk.tests.AuthenticationTests@5609159b]" started-at="2026-09-03T15:32:27 IST" name="testLoginWithMultipleCredentials" description="Data-driven test with multiple username/password combinations" data-provider="loginCredentials" finished-at="2026-09-03T15:32:41 IST" duration-ms="13704" status="PASS">
          <params>
            <param index="0">
              <value>
                <![CDATA[admin]]>
              </value>
            </param>
            <param index="1">
              <value>
                <![CDATA[admin]]>
              </value>
            </param>
            <param index="2">
              <value>
                <![CDATA[false]]>
              </value>
            </param>
          </params>
          <reporter-output>
          </reporter-output>
        </test-method> <!-- testLoginWithMultipleCredentials -->
        <test-method is-config="true" signature="afterMethod()[pri:0, instance:com.sk.tests.AuthenticationTests@5609159b]" started-at="2026-09-03T15:32:41 IST" name="afterMethod" finished-at="2026-09-03T15:32:43 IST" duration-ms="1727" status="PASS">
          <reporter-output>
          </reporter-output>
        </test-method> <!-- afterMethod -->
        <test-method is-config="true" signature="beforeMethod()[pri:0, instance:com.sk.tests.AuthenticationTests@5609159b]" started-at="2026-09-03T15:32:43 IST" name="beforeMethod" finished-at="2026-09-03T15:32:46 IST" duration-ms="2865" status="PASS">
          <reporter-output>
          </reporter-output>
        </test-method> <!-- beforeMethod -->
        <test-method signature="testLoginWithMultipleCredentials(java.lang.String,java.lang.String,boolean)[pri:10, instance:com.sk.tests.AuthenticationTests@5609159b]" started-at="2026-09-03T15:32:46 IST" name="testLoginWithMultipleCredentials" description="Data-driven test with multiple username/password combinations" data-provider="loginCredentials" finished-at="2026-09-03T15:33:00 IST" duration-ms="13887" status="PASS">
          <params>
            <param index="0">
              <value>
                <![CDATA[testuser]]>
              </value>
            </param>
            <param index="1">
              <value>
                <![CDATA[Test@123]]>
              </value>
            </param>
            <param index="2">
              <value>
                <![CDATA[false]]>
              </value>
            </param>
          </params>
          <reporter-output>
          </reporter-output>
        </test-method> <!-- testLoginWithMultipleCredentials -->
        <test-method is-config="true" signature="afterMethod()[pri:0, instance:com.sk.tests.AuthenticationTests@5609159b]" started-at="2026-09-03T15:33:00 IST" name="afterMethod" finished-at="2026-09-03T15:33:00 IST" duration-ms="501" status="PASS">
          <reporter-output>
          </reporter-output>
        </test-method> <!-- afterMethod -->
        <test-method is-config="true" signature="afterClass()[pri:0, instance:com.sk.tests.AuthenticationTests@5609159b]" started-at="2026-09-03T15:33:00 IST" name="afterClass" finished-at="2026-09-03T15:33:00 IST" duration-ms="1" status="PASS">
          <reporter-output>
          </reporter-output>
        </test-method> <!-- afterClass -->
        <test-method is-config="true" signature="afterSuite()[pri:0, instance:com.sk.tests.AuthenticationTests@5609159b]" started-at="2026-09-03T15:33:00 IST" name="afterSuite" finished-at="2026-09-03T15:33:00 IST" duration-ms="253" status="PASS">
          <reporter-output>
          </reporter-output>
        </test-method> <!-- afterSuite -->
      </class> <!-- com.sk.tests.AuthenticationTests -->
    </test> <!-- Data-Driven Authentication Tests -->
  </suite> <!-- Authentication Test Suite -->
</testng-results>
